Flow report for bjt
Fri Dec 01 20:20:07 2017
Quartus II 64-Bit Version 13.1.0 Build 162 10/23/2013 SJ Full Version


---------------------
; Table of Contents ;
---------------------
  1. Legal Notice
  2. Flow Summary
  3. Flow Settings
  4. Flow Non-Default Global Settings
  5. Flow Elapsed Time
  6. Flow OS Summary
  7. Flow Log
  8. Flow Messages
  9. Flow Suppressed Messages



----------------
; Legal Notice ;
----------------
Copyright (C) 1991-2013 Altera Corporation
Your use of Altera Corporation's design tools, logic functions 
and other software and tools, and its AMPP partner logic 
functions, and any output files from any of the foregoing 
(including device programming or simulation files), and any 
associated documentation or information are expressly subject 
to the terms and conditions of the Altera Program License 
Subscription Agreement, Altera MegaCore Function License 
Agreement, or other applicable license agreement, including, 
without limitation, that your use is for the sole purpose of 
programming logic devices manufactured by Altera and sold by 
Altera or its authorized distributors.  Please refer to the 
applicable agreement for further details.



+-------------------------------------------------------------------------------+
; Flow Summary                                                                  ;
+---------------------------------+---------------------------------------------+
; Flow Status                     ; Successful - Fri Dec 01 20:20:07 2017       ;
; Quartus II 64-Bit Version       ; 13.1.0 Build 162 10/23/2013 SJ Full Version ;
; Revision Name                   ; bjt                                         ;
; Top-level Entity Name           ; bjt                                         ;
; Family                          ; Cyclone V                                   ;
; Device                          ; 5CGXFC5C6F27C7                              ;
; Timing Models                   ; Final                                       ;
; Logic utilization (in ALMs)     ; 336 / 29,080 ( 1 % )                        ;
; Total registers                 ; 346                                         ;
; Total pins                      ; 10 / 364 ( 3 % )                            ;
; Total virtual pins              ; 0                                           ;
; Total block memory bits         ; 196,608 / 4,567,040 ( 4 % )                 ;
; Total DSP Blocks                ; 0 / 150 ( 0 % )                             ;
; Total HSSI RX PCSs              ; 0 / 6 ( 0 % )                               ;
; Total HSSI PMA RX Deserializers ; 0 / 6 ( 0 % )                               ;
; Total HSSI TX PCSs              ; 0 / 6 ( 0 % )                               ;
; Total HSSI TX Channels          ; 0 / 6 ( 0 % )                               ;
; Total PLLs                      ; 0 / 12 ( 0 % )                              ;
; Total DLLs                      ; 0 / 4 ( 0 % )                               ;
+---------------------------------+---------------------------------------------+


+-----------------------------------------+
; Flow Settings                           ;
+-------------------+---------------------+
; Option            ; Setting             ;
+-------------------+---------------------+
; Start date & time ; 12/01/2017 20:19:01 ;
; Main task         ; Compilation         ;
; Revision Name     ; bjt                 ;
+-------------------+---------------------+


+-------------------------------------------------------------------------------------------------------------------------------+
; Flow Non-Default Global Settings                                                                                              ;
+----------------------------------------+---------------------------------------+---------------+-------------+----------------+
; Assignment Name                        ; Value                                 ; Default Value ; Entity Name ; Section Id     ;
+----------------------------------------+---------------------------------------+---------------+-------------+----------------+
; COMPILER_SIGNATURE_ID                  ; 345052807169.151213074107556          ; --            ; --          ; --             ;
; EDA_DESIGN_INSTANCE_NAME               ; NA                                    ; --            ; --          ; testbench      ;
; EDA_NATIVELINK_SIMULATION_SETUP_SCRIPT ; simulation/modelsim/wave.do           ; --            ; --          ; eda_simulation ;
; EDA_NATIVELINK_SIMULATION_TEST_BENCH   ; testbench                             ; --            ; --          ; eda_simulation ;
; EDA_OUTPUT_DATA_FORMAT                 ; Verilog Hdl                           ; --            ; --          ; eda_simulation ;
; EDA_SIMULATION_TOOL                    ; ModelSim-Altera (Verilog)             ; <None>        ; --          ; --             ;
; EDA_TEST_BENCH_ENABLE_STATUS           ; TEST_BENCH_MODE                       ; --            ; --          ; eda_simulation ;
; EDA_TEST_BENCH_FILE                    ; testbench.v                           ; --            ; --          ; testbench      ;
; EDA_TEST_BENCH_MODULE_NAME             ; testbench                             ; --            ; --          ; testbench      ;
; EDA_TEST_BENCH_NAME                    ; testbench                             ; --            ; --          ; eda_simulation ;
; EDA_TEST_BENCH_RUN_SIM_FOR             ; 40 ms                                 ; --            ; --          ; testbench      ;
; EDA_TIME_SCALE                         ; 1 ns                                  ; --            ; --          ; eda_simulation ;
; MAX_CORE_JUNCTION_TEMP                 ; 85                                    ; --            ; --          ; --             ;
; MIN_CORE_JUNCTION_TEMP                 ; 0                                     ; --            ; --          ; --             ;
; PARTITION_COLOR                        ; 16764057                              ; --            ; --          ; Top            ;
; PARTITION_FITTER_PRESERVATION_LEVEL    ; PLACEMENT_AND_ROUTING                 ; --            ; --          ; Top            ;
; PARTITION_NETLIST_TYPE                 ; SOURCE                                ; --            ; --          ; Top            ;
; POWER_BOARD_THERMAL_MODEL              ; None (CONSERVATIVE)                   ; --            ; --          ; --             ;
; POWER_PRESET_COOLING_SOLUTION          ; 23 MM HEAT SINK WITH 200 LFPM AIRFLOW ; --            ; --          ; --             ;
; PROJECT_OUTPUT_DIRECTORY               ; output_files                          ; --            ; --          ; --             ;
+----------------------------------------+---------------------------------------+---------------+-------------+----------------+


+-------------------------------------------------------------------------------------------------------------------------------+
; Flow Elapsed Time                                                                                                             ;
+---------------------------+--------------+-------------------------+---------------------+------------------------------------+
; Module Name               ; Elapsed Time ; Average Processors Used ; Peak Virtual Memory ; Total CPU Time (on all processors) ;
+---------------------------+--------------+-------------------------+---------------------+------------------------------------+
; Analysis & Synthesis      ; 00:00:02     ; 1.0                     ; 617 MB              ; 00:00:03                           ;
; Fitter                    ; 00:00:39     ; 1.4                     ; 1791 MB             ; 00:00:49                           ;
; Assembler                 ; 00:00:08     ; 1.0                     ; 686 MB              ; 00:00:07                           ;
; TimeQuest Timing Analyzer ; 00:00:09     ; 1.3                     ; 944 MB              ; 00:00:10                           ;
; EDA Netlist Writer        ; 00:00:01     ; 1.0                     ; 565 MB              ; 00:00:01                           ;
; Total                     ; 00:00:59     ; --                      ; --                  ; 00:01:10                           ;
+---------------------------+--------------+-------------------------+---------------------+------------------------------------+


+----------------------------------------------------------------------------------------+
; Flow OS Summary                                                                        ;
+---------------------------+------------------+-----------+------------+----------------+
; Module Name               ; Machine Hostname ; OS Name   ; OS Version ; Processor type ;
+---------------------------+------------------+-----------+------------+----------------+
; Analysis & Synthesis      ; DESKTOP-09VBFJG  ; Windows 7 ; 6.2        ; x86_64         ;
; Fitter                    ; DESKTOP-09VBFJG  ; Windows 7 ; 6.2        ; x86_64         ;
; Assembler                 ; DESKTOP-09VBFJG  ; Windows 7 ; 6.2        ; x86_64         ;
; TimeQuest Timing Analyzer ; DESKTOP-09VBFJG  ; Windows 7 ; 6.2        ; x86_64         ;
; EDA Netlist Writer        ; DESKTOP-09VBFJG  ; Windows 7 ; 6.2        ; x86_64         ;
+---------------------------+------------------+-----------+------------+----------------+


------------
; Flow Log ;
------------
quartus_map --read_settings_files=on --write_settings_files=off bjt -c bjt
quartus_fit --read_settings_files=off --write_settings_files=off bjt -c bjt
quartus_asm --read_settings_files=off --write_settings_files=off bjt -c bjt
quartus_sta bjt -c bjt
quartus_eda --read_settings_files=off --write_settings_files=off bjt -c bjt



